#
# A fatal error has been detected by the Java Runtime Environment:
#
#  SIGSEGV (0xb) at pc=0x000000010f96aa62, pid=2046, tid=0x0000000000000307
#
# JRE version: Java(TM) SE Runtime Environment (8.0_201-b09) (build 1.8.0_201-b09)
# Java VM: Java HotSpot(TM) 64-Bit Server VM (25.201-b09 mixed mode bsd-amd64 compressed oops)
# Problematic frame:
# V  [libjvm.dylib+0x16aa62]  ThreadStateTransition::trans_from_native(JavaThreadState)+0xa
#
# Failed to write core dump. Core dumps have been disabled. To enable core dumping, try "ulimit -c unlimited" before starting Java again
#
# If you would like to submit a bug report, please visit:
#   http://bugreport.java.com/bugreport/crash.jsp
#

---------------  T H R E A D  ---------------

Current thread is native thread

siginfo: si_signo: 11 (SIGSEGV), si_code: 1 (SEGV_MAPERR), si_addr: 0x0000000000000270

Registers:
RAX=0x0000000000000000, RBX=0x0000000000000000, RCX=0x0000000110039840, RDX=0x0000000000000000
RSP=0x00007ffee0dc8b80, RBP=0x00007ffee0dc8b90, RSI=0x0000000000000006, RDI=0x00007ffee0dc8ba0
R8 =0x0000000000000000, R9 =0x0000000000000000, R10=0x00007fff8701ded8, R11=0x00007feefd6c7570
R12=0x00007feefe1531f8, R13=0x00007feeffb001d0, R14=0x00007feefd717b48, R15=0x00007feefe1531f8
RIP=0x000000010f96aa62, EFLAGS=0x0000000000010246, ERR=0x0000000000000006
  TRAPNO=0x000000000000000e

Top of Stack: (sp=0x00007ffee0dc8b80)
0x00007ffee0dc8b80:   0000000000000000 00007feefd717b48
0x00007ffee0dc8b90:   00007ffee0dc8bc0 000000010fb17542
0x00007ffee0dc8ba0:   0000000000000000 00007feefd636fb0
0x00007ffee0dc8bb0:   0000000000000008 00007feefd6b5440
0x00007ffee0dc8bc0:   00007ffee0dc8be0 00007fff31e89e3f
0x00007ffee0dc8bd0:   00007feefe1531f8 00007feefd9dac00
0x00007ffee0dc8be0:   00007ffee0dc8c00 00007fff31e89c52
0x00007ffee0dc8bf0:   00007feefd636f00 00007feefd519fe0
0x00007ffee0dc8c00:   00007ffee0dc8c60 000000012a838bbb
0x00007ffee0dc8c10:   00007feefd9dac00 0000000000000000
0x00007ffee0dc8c20:   40b404c950f640ff 00007feefd68b720
0x00007ffee0dc8c30:   00007ffee0dc8c60 00007feefd6b5440
0x00007ffee0dc8c40:   00007feefd6b5440 00007feeffb001d0
0x00007ffee0dc8c50:   00007fff59e26a00 00007feefd68b720
0x00007ffee0dc8c60:   00007ffee0dc8d10 00007fff38d2601e
0x00007ffee0dc8c70:   0000000000000000 0000000000000000
0x00007ffee0dc8c80:   00007feefd6b5440 0000000000000000
0x00007ffee0dc8c90:   00000004ff16d000 0000000000000000
0x00007ffee0dc8ca0:   40b404c950f640ff 0000000000000000
0x00007ffee0dc8cb0:   00007feefd6b5440 0000000000000000
0x00007ffee0dc8cc0:   00007feefd6b5440 00007ffee0dc8ce8
0x00007ffee0dc8cd0:   00007ffee0dc8d10 00007fff38d2583a
0x00007ffee0dc8ce0:   b637eab9fdf50014 00007fff59e26a00
0x00007ffee0dc8cf0:   0000000000000004 0000000000000000
0x00007ffee0dc8d00:   00007feefd6b5440 00007fff2be03ef5
0x00007ffee0dc8d10:   00007ffee0dc8d90 00007fff38d2560a
0x00007ffee0dc8d20:   00007fff86836508 407ca00000000000
0x00007ffee0dc8d30:   4084000000000000 4000000000000000
0x00007ffee0dc8d40:   0000000000000000 0000000000000000
0x00007ffee0dc8d50:   4084000000000000 407ca00000000000
0x00007ffee0dc8d60:   b637eab9fdf50014 00007ffee0dc8e60
0x00007ffee0dc8d70:   00007feeff900dc0 00007fff59e26a00 

Instructions: (pc=0x000000010f96aa62)
0x000000010f96aa42:   0e 48 8b 0b 49 8b 56 18 48 63 c0 48 89 0c c2 5b
0x000000010f96aa52:   41 5e 5d c3 90 90 55 48 89 e5 41 56 53 48 8b 1f
0x000000010f96aa62:   c7 83 70 02 00 00 05 00 00 00 48 8d 05 55 09 79
0x000000010f96aa72:   00 8b 00 83 f8 01 41 89 f6 75 0c 48 8d 0d 92 74 

Register to memory mapping:

RAX=0x0000000000000000 is an unknown value
RBX=0x0000000000000000 is an unknown value
RCX=0x0000000110039840: jni_NativeInterface+0 in /Library/Java/JavaVirtualMachines/jdk1.8.0_201.jdk/Contents/Home/jre/lib/server/libjvm.dylib at 0x000000010f800000
RDX=0x0000000000000000 is an unknown value
RSP=0x00007ffee0dc8b80 is an unknown value
RBP=0x00007ffee0dc8b90 is an unknown value
RSI=0x0000000000000006 is an unknown value
RDI=0x00007ffee0dc8ba0 is an unknown value
R8 =0x0000000000000000 is an unknown value
R9 =0x0000000000000000 is an unknown value
R10=0x00007fff8701ded8: OBJC_CLASS_$_JNFWeakJObjectWrapper+0 in /System/Library/Frameworks/JavaVM.framework/Versions/A/Frameworks/JavaNativeFoundation.framework/Versions/A/JavaNativeFoundation at 0x00007fff31e83000
R11=0x00007feefd6c7570 is an unknown value
R12=0x00007feefe1531f8 is an unknown value
R13=0x00007feeffb001d0 is an unknown value
R14=0x00007feefd717b48 is a weak global jni handle
R15=0x00007feefe1531f8 is an unknown value


Stack: [0x00007ffee05cd000,0x00007ffee0dcd000],  sp=0x00007ffee0dc8b80,  free space=8174k
Native frames: (J=compiled Java code, j=interpreted, Vv=VM code, C=native code)
V  [libjvm.dylib+0x16aa62]  ThreadStateTransition::trans_from_native(JavaThreadState)+0xa
V  [libjvm.dylib+0x317542]  jni_IsSameObject+0x30
C  [JavaNativeFoundation+0x6e3f]  -[JNFWeakJObjectWrapper _getWithEnv:]+0x26
C  [JavaNativeFoundation+0x6c52]  -[JNFJObjectWrapper jObjectWithEnv:]+0x16
C  [libawt_lwawt.dylib+0x1abbb]  -[CGLLayer drawInCGLContext:pixelFormat:forLayerTime:displayTime:]+0xa4
C  [QuartzCore+0xb201e]  CAOpenGLLayerDraw(CAOpenGLLayer*, double, CVTimeStamp const*, unsigned int)+0x7b6
C  [QuartzCore+0xb160a]  -[CAOpenGLLayer _display]+0x243
C  [QuartzCore+0x14568]  CA::Layer::display_if_needed(CA::Transaction*)+0x27a
C  [QuartzCore+0x27b7]  CA::Context::commit_transaction(CA::Transaction*)+0x13f
C  [QuartzCore+0x2088]  CA::Transaction::commit()+0x240
C  [AppKit+0x11f305]  __65+[CATransaction(NSCATransaction) NS_setFlushesWithDisplayRefresh]_block_invoke+0x112
C  [CoreFoundation+0x999cd]  __CFRUNLOOP_IS_CALLING_OUT_TO_AN_OBSERVER_CALLBACK_FUNCTION__+0x17
C  [CoreFoundation+0x99902]  __CFRunLoopDoObservers+0x1c4
C  [CoreFoundation+0x3b429]  __CFRunLoopRun+0x48e
C  [CoreFoundation+0x3ad48]  CFRunLoopRunSpecific+0x1cf
C  [java+0x646e]  CreateExecutionEnvironment+0x367
C  [java+0x203c]  JLI_Launch+0x7a0
C  [java+0x84cb]  main+0x65
C  [java+0x1894]  start+0x34


---------------  P R O C E S S  ---------------

VM state:not at safepoint (normal execution)

VM Mutex/Monitor currently owned by a thread: None

heap address: 0x0000000740000000, size: 2048 MB, Compressed Oops mode: Zero based, Oop shift amount: 3
Narrow klass base: 0x0000000000000000, Narrow klass shift: 3
Compressed class space size: 1073741824 Address: 0x00000007c0000000

Heap:
 PSYoungGen      total 38400K, used 6001K [0x0000000795580000, 0x0000000798000000, 0x00000007c0000000)
  eden space 33280K, 18% used [0x0000000795580000,0x0000000795b5c460,0x0000000797600000)
  from space 5120K, 0% used [0x0000000797b00000,0x0000000797b00000,0x0000000798000000)
  to   space 5120K, 0% used [0x0000000797600000,0x0000000797600000,0x0000000797b00000)
 ParOldGen       total 61440K, used 12951K [0x0000000740000000, 0x0000000743c00000, 0x0000000795580000)
  object space 61440K, 21% used [0x0000000740000000,0x0000000740ca5c50,0x0000000743c00000)
 Metaspace       used 21271K, capacity 22270K, committed 22576K, reserved 1069056K
  class space    used 3017K, capacity 3270K, committed 3376K, reserved 1048576K

Card table byte_map: [0x0000000110b79000,0x0000000110f7a000] byte_map_base: 0x000000010d179000

Marking Bits: (ParMarkBitMap*) 0x00000001100fbe40
 Begin Bits: [0x0000000111225000, 0x0000000113225000)
 End Bits:   [0x0000000113225000, 0x0000000115225000)

Polling page: 0x000000010eed4000

CodeCache: size=245760Kb used=5906Kb max_used=5906Kb free=239853Kb
 bounds [0x000000011694d000, 0x0000000116f1d000, 0x000000012594d000]
 total_blobs=2777 nmethods=1966 adapters=724
 compilation: enabled

Compilation events (10 events):
Event: 10,026 Thread 0x00007feeff05b000 1960       1       javafx.scene.control.Labeled::access$700 (5 bytes)
Event: 10,026 Thread 0x00007feeff05b000 nmethod 1960 0x0000000116f12a50 code [0x0000000116f12ba0, 0x0000000116f12c90]
Event: 10,033 Thread 0x00007feeff05b000 1964       3       java.util.concurrent.locks.ReentrantLock$NonfairSync::tryAcquire (6 bytes)
Event: 10,033 Thread 0x00007feeff05b000 nmethod 1964 0x0000000116f12d10 code [0x0000000116f12e80, 0x0000000116f13088]
Event: 10,034 Thread 0x00007feeff05b000 1965       3       com.sun.javafx.tk.Toolkit$$Lambda$158/695162837::run (8 bytes)
Event: 10,034 Thread 0x00007feeff05b000 nmethod 1965 0x0000000116f13110 code [0x0000000116f13280, 0x0000000116f13508]
Event: 10,034 Thread 0x00007feeff05b000 1966       3       com.sun.javafx.tk.Toolkit::lambda$runPulse$29 (8 bytes)
Event: 10,035 Thread 0x00007feeff05b000 nmethod 1966 0x0000000116f13610 code [0x0000000116f13780, 0x0000000116f13988]
Event: 10,099 Thread 0x00007feeff05b000 1967       3       java.util.concurrent.atomic.AtomicInteger::incrementAndGet (14 bytes)
Event: 10,099 Thread 0x00007feeff05b000 nmethod 1967 0x0000000116f13a50 code [0x0000000116f13ba0, 0x0000000116f13cf0]

GC Heap History (6 events):
Event: 2,165 GC heap before
{Heap before GC invocations=1 (full 0):
 PSYoungGen      total 38400K, used 33280K [0x0000000795580000, 0x0000000798000000, 0x00000007c0000000)
  eden space 33280K, 100% used [0x0000000795580000,0x0000000797600000,0x0000000797600000)
  from space 5120K, 0% used [0x0000000797b00000,0x0000000797b00000,0x0000000798000000)
  to   space 5120K, 0% used [0x0000000797600000,0x0000000797600000,0x0000000797b00000)
 ParOldGen       total 87552K, used 0K [0x0000000740000000, 0x0000000745580000, 0x0000000795580000)
  object space 87552K, 0% used [0x0000000740000000,0x0000000740000000,0x0000000745580000)
 Metaspace       used 17431K, capacity 18074K, committed 18176K, reserved 1064960K
  class space    used 2324K, capacity 2524K, committed 2560K, reserved 1048576K
Event: 2,177 GC heap after
Heap after GC invocations=1 (full 0):
 PSYoungGen      total 38400K, used 5117K [0x0000000795580000, 0x0000000798000000, 0x00000007c0000000)
  eden space 33280K, 0% used [0x0000000795580000,0x0000000795580000,0x0000000797600000)
  from space 5120K, 99% used [0x0000000797600000,0x0000000797aff710,0x0000000797b00000)
  to   space 5120K, 0% used [0x0000000797b00000,0x0000000797b00000,0x0000000798000000)
 ParOldGen       total 87552K, used 4902K [0x0000000740000000, 0x0000000745580000, 0x0000000795580000)
  object space 87552K, 5% used [0x0000000740000000,0x00000007404c9a30,0x0000000745580000)
 Metaspace       used 17431K, capacity 18074K, committed 18176K, reserved 1064960K
  class space    used 2324K, capacity 2524K, committed 2560K, reserved 1048576K
}
Event: 5,287 GC heap before
{Heap before GC invocations=2 (full 0):
 PSYoungGen      total 38400K, used 16568K [0x0000000795580000, 0x0000000798000000, 0x00000007c0000000)
  eden space 33280K, 34% used [0x0000000795580000,0x00000007960aebd8,0x0000000797600000)
  from space 5120K, 99% used [0x0000000797600000,0x0000000797aff710,0x0000000797b00000)
  to   space 5120K, 0% used [0x0000000797b00000,0x0000000797b00000,0x0000000798000000)
 ParOldGen       total 87552K, used 4902K [0x0000000740000000, 0x0000000745580000, 0x0000000795580000)
  object space 87552K, 5% used [0x0000000740000000,0x00000007404c9a30,0x0000000745580000)
 Metaspace       used 20321K, capacity 21250K, committed 21296K, reserved 1067008K
  class space    used 2876K, capacity 3074K, committed 3120K, reserved 1048576K
Event: 5,300 GC heap after
Heap after GC invocations=2 (full 0):
 PSYoungGen      total 38400K, used 3812K [0x0000000795580000, 0x0000000798000000, 0x00000007c0000000)
  eden space 33280K, 0% used [0x0000000795580000,0x0000000795580000,0x0000000797600000)
  from space 5120K, 74% used [0x0000000797b00000,0x0000000797eb9040,0x0000000798000000)
  to   space 5120K, 0% used [0x0000000797600000,0x0000000797600000,0x0000000797b00000)
 ParOldGen       total 87552K, used 17815K [0x0000000740000000, 0x0000000745580000, 0x0000000795580000)
  object space 87552K, 20% used [0x0000000740000000,0x0000000741165f00,0x0000000745580000)
 Metaspace       used 20321K, capacity 21250K, committed 21296K, reserved 1067008K
  class space    used 2876K, capacity 3074K, committed 3120K, reserved 1048576K
}
Event: 5,300 GC heap before
{Heap before GC invocations=3 (full 1):
 PSYoungGen      total 38400K, used 3812K [0x0000000795580000, 0x0000000798000000, 0x00000007c0000000)
  eden space 33280K, 0% used [0x0000000795580000,0x0000000795580000,0x0000000797600000)
  from space 5120K, 74% used [0x0000000797b00000,0x0000000797eb9040,0x0000000798000000)
  to   space 5120K, 0% used [0x0000000797600000,0x0000000797600000,0x0000000797b00000)
 ParOldGen       total 87552K, used 17815K [0x0000000740000000, 0x0000000745580000, 0x0000000795580000)
  object space 87552K, 20% used [0x0000000740000000,0x0000000741165f00,0x0000000745580000)
 Metaspace       used 20321K, capacity 21250K, committed 21296K, reserved 1067008K
  class space    used 2876K, capacity 3074K, committed 3120K, reserved 1048576K
Event: 5,318 GC heap after
Heap after GC invocations=3 (full 1):
 PSYoungGen      total 38400K, used 0K [0x0000000795580000, 0x0000000798000000, 0x00000007c0000000)
  eden space 33280K, 0% used [0x0000000795580000,0x0000000795580000,0x0000000797600000)
  from space 5120K, 0% used [0x0000000797b00000,0x0000000797b00000,0x0000000798000000)
  to   space 5120K, 0% used [0x0000000797600000,0x0000000797600000,0x0000000797b00000)
 ParOldGen       total 61440K, used 12951K [0x0000000740000000, 0x0000000743c00000, 0x0000000795580000)
  object space 61440K, 21% used [0x0000000740000000,0x0000000740ca5c50,0x0000000743c00000)
 Metaspace       used 20321K, capacity 21250K, committed 21296K, reserved 1067008K
  class space    used 2876K, capacity 3074K, committed 3120K, reserved 1048576K
}

Deoptimization events (10 events):
Event: 1,944 Thread 0x00007feefe153000 Uncommon trap: reason=class_check action=maybe_recompile pc=0x0000000116a69f48 method=java.lang.String.equals(Ljava/lang/Object;)Z @ 8
Event: 1,944 Thread 0x00007feefe153000 Uncommon trap: reason=class_check action=maybe_recompile pc=0x0000000116a69f48 method=java.lang.String.equals(Ljava/lang/Object;)Z @ 8
Event: 1,944 Thread 0x00007feefe153000 Uncommon trap: reason=class_check action=maybe_recompile pc=0x0000000116a69f48 method=java.lang.String.equals(Ljava/lang/Object;)Z @ 8
Event: 1,945 Thread 0x00007feefe153000 Uncommon trap: reason=class_check action=maybe_recompile pc=0x0000000116a69f48 method=java.lang.String.equals(Ljava/lang/Object;)Z @ 8
Event: 2,162 Thread 0x00007feefe153000 Uncommon trap: reason=unstable_if action=reinterpret pc=0x0000000116c051a0 method=java.lang.CharacterData.of(I)Ljava/lang/CharacterData; @ 4
Event: 3,615 Thread 0x00007feefe153000 Uncommon trap: reason=unstable_if action=reinterpret pc=0x0000000116b974d4 method=jdk.internal.org.objectweb.asm.Type.getArgumentsAndReturnSizes(Ljava/lang/String;)I @ 47
Event: 9,680 Thread 0x00007feefe153000 Uncommon trap: reason=array_check action=maybe_recompile pc=0x0000000116ef94e8 method=com.sun.javafx.css.SimpleSelector.applies(Ljavafx/css/Styleable;[Ljava/util/Set;I)Z @ 37
Event: 9,680 Thread 0x00007feefe153000 Uncommon trap: reason=array_check action=maybe_recompile pc=0x0000000116ef94e8 method=com.sun.javafx.css.SimpleSelector.applies(Ljavafx/css/Styleable;[Ljava/util/Set;I)Z @ 37
Event: 9,680 Thread 0x00007feefe153000 Uncommon trap: reason=array_check action=maybe_recompile pc=0x0000000116ef94e8 method=com.sun.javafx.css.SimpleSelector.applies(Ljavafx/css/Styleable;[Ljava/util/Set;I)Z @ 37
Event: 9,680 Thread 0x00007feefe153000 Uncommon trap: reason=array_check action=maybe_recompile pc=0x0000000116ef94e8 method=com.sun.javafx.css.SimpleSelector.applies(Ljavafx/css/Styleable;[Ljava/util/Set;I)Z @ 37

Classes redefined (0 events):
No events

Internal exceptions (10 events):
Event: 0,203 Thread 0x00007feeff002000 Exception <a 'java/security/PrivilegedActionException'> (0x000000079585f950) thrown at [/Users/java_re/workspace/8-2-build-macosx-x86_64/jdk8u201/12322/hotspot/src/share/vm/prims/jvm.cpp, line 1502]
Event: 0,203 Thread 0x00007feeff002000 Exception <a 'java/lang/NullPointerException'> (0x0000000795860140) thrown at [/Users/java_re/workspace/8-2-build-macosx-x86_64/jdk8u201/12322/hotspot/src/share/vm/interpreter/linkResolver.cpp, line 1185]
Event: 0,668 Thread 0x00007feeff002000 Exception <a 'java/io/FileNotFoundException'> (0x0000000795e9e288) thrown at [/Users/java_re/workspace/8-2-build-macosx-x86_64/jdk8u201/12322/hotspot/src/share/vm/prims/jni.cpp, line 709]
Event: 0,668 Thread 0x00007feeff002000 Exception <a 'java/io/FileNotFoundException'> (0x0000000795e9ee10) thrown at [/Users/java_re/workspace/8-2-build-macosx-x86_64/jdk8u201/12322/hotspot/src/share/vm/prims/jni.cpp, line 709]
Event: 1,628 Thread 0x00007feefe153000 Exception <a 'java/lang/NullPointerException'> (0x0000000796b270c0) thrown at [/Users/java_re/workspace/8-2-build-macosx-x86_64/jdk8u201/12322/hotspot/src/share/vm/interpreter/linkResolver.cpp, line 1185]
Event: 1,628 Thread 0x00007feefe153000 Exception <a 'java/lang/NullPointerException'> (0x0000000796b270c0) thrown at [/Users/java_re/workspace/8-2-build-macosx-x86_64/jdk8u201/12322/hotspot/src/share/vm/prims/jvm.cpp, line 1506]
Event: 1,779 Thread 0x00007feefe153000 Exception <a 'java/lang/ArrayIndexOutOfBoundsException'> (0x000000079703cfe8) thrown at [/Users/java_re/workspace/8-2-build-macosx-x86_64/jdk8u201/12322/hotspot/src/share/vm/runtime/sharedRuntime.cpp, line 605]
Event: 1,780 Thread 0x00007feefe153000 Exception <a 'java/lang/ArrayIndexOutOfBoundsException'> (0x000000079703db00) thrown at [/Users/java_re/workspace/8-2-build-macosx-x86_64/jdk8u201/12322/hotspot/src/share/vm/runtime/sharedRuntime.cpp, line 605]
Event: 1,780 Thread 0x00007feefe153000 Exception <a 'java/lang/ArrayIndexOutOfBoundsException'> (0x000000079703eea8) thrown at [/Users/java_re/workspace/8-2-build-macosx-x86_64/jdk8u201/12322/hotspot/src/share/vm/runtime/sharedRuntime.cpp, line 605]
Event: 5,323 Thread 0x00007feeff039000 Exception <a 'java/lang/NullPointerException'> (0x00000007955fb450) thrown at [/Users/java_re/workspace/8-2-build-macosx-x86_64/jdk8u201/12322/hotspot/src/share/vm/interpreter/linkResolver.cpp, line 1185]

Events (10 events):
Event: 10,122 loading class sun/awt/im/InputMethodLocator
Event: 10,122 loading class sun/awt/im/InputMethodLocator done
Event: 10,122 loading class sun/awt/im/ExecutableInputMethodManager$3
Event: 10,122 loading class sun/awt/im/ExecutableInputMethodManager$3 done
Event: 10,122 loading class sun/lwawt/macosx/CInputMethod
Event: 10,122 loading class sun/awt/im/InputMethodAdapter
Event: 10,122 loading class java/awt/im/spi/InputMethod
Event: 10,123 loading class java/awt/im/spi/InputMethod done
Event: 10,123 loading class sun/awt/im/InputMethodAdapter done
Event: 10,123 loading class sun/lwawt/macosx/CInputMethod done


Dynamic libraries:
0x00007fff2d464000 	/System/Library/Frameworks/Cocoa.framework/Versions/A/Cocoa
0x00007fff39721000 	/System/Library/Frameworks/Security.framework/Versions/A/Security
0x00007fff2c06b000 	/System/Library/Frameworks/ApplicationServices.framework/Versions/A/ApplicationServices
0x00007fff5ad02000 	/usr/lib/libz.1.dylib
0x00007fff58378000 	/usr/lib/libSystem.B.dylib
0x00007fff59e1f000 	/usr/lib/libobjc.A.dylib
0x00007fff2dc87000 	/System/Library/Frameworks/CoreFoundation.framework/Versions/A/CoreFoundation
0x00007fff3000c000 	/System/Library/Frameworks/Foundation.framework/Versions/C/Foundation
0x00007fff2b1f8000 	/System/Library/Frameworks/AppKit.framework/Versions/C/AppKit
0x00007fff2d7fb000 	/System/Library/Frameworks/CoreData.framework/Versions/A/CoreData
0x00007fff51547000 	/System/Library/PrivateFrameworks/RemoteViewServices.framework/Versions/A/RemoteViewServices
0x00007fff56046000 	/System/Library/PrivateFrameworks/UIFoundation.framework/Versions/A/UIFoundation
0x00007fff577fe000 	/System/Library/PrivateFrameworks/XCTTargetBootstrap.framework/Versions/A/XCTTargetBootstrap
0x00007fff4c04c000 	/System/Library/PrivateFrameworks/IconServices.framework/Versions/A/IconServices
0x00007fff328d5000 	/System/Library/Frameworks/Metal.framework/Versions/A/Metal
0x00007fff4324f000 	/System/Library/PrivateFrameworks/DesktopServicesPriv.framework/Versions/A/DesktopServicesPriv
0x00007fff59133000 	/usr/lib/libenergytrace.dylib
0x00007fff53db7000 	/System/Library/PrivateFrameworks/SkyLight.framework/Versions/A/SkyLight
0x00007fff2e0d6000 	/System/Library/Frameworks/CoreGraphics.framework/Versions/A/CoreGraphics
0x00007fff29fb3000 	/System/Library/Frameworks/Accelerate.framework/Versions/A/Accelerate
0x00007fff30795000 	/System/Library/Frameworks/IOSurface.framework/Versions/A/IOSurface
0x00007fff430b1000 	/System/Library/PrivateFrameworks/DFRFoundation.framework/Versions/A/DFRFoundation
0x00007fff2c570000 	/System/Library/Frameworks/AudioToolbox.framework/Versions/A/AudioToolbox
0x00007fff2c80f000 	/System/Library/Frameworks/AudioUnit.framework/Versions/A/AudioUnit
0x00007fff43148000 	/System/Library/PrivateFrameworks/DataDetectorsCore.framework/Versions/A/DataDetectorsCore
0x00007fff2cf4e000 	/System/Library/Frameworks/Carbon.framework/Versions/A/Frameworks/HIToolbox.framework/Versions/A/HIToolbox
0x00007fff5928e000 	/usr/lib/libicucore.A.dylib
0x00007fff38c74000 	/System/Library/Frameworks/QuartzCore.framework/Versions/A/QuartzCore
0x00007fff2d335000 	/System/Library/Frameworks/Carbon.framework/Versions/A/Frameworks/SpeechRecognition.framework/Versions/A/SpeechRecognition
0x00007fff584db000 	/usr/lib/libauto.dylib
0x00007fff5abf5000 	/usr/lib/libxml2.2.dylib
0x00007fff42cb0000 	/System/Library/PrivateFrameworks/CoreUI.framework/Versions/A/CoreUI
0x00007fff2d6d9000 	/System/Library/Frameworks/CoreAudio.framework/Versions/A/CoreAudio
0x00007fff2fe3e000 	/System/Library/Frameworks/DiskArbitration.framework/Versions/A/DiskArbitration
0x00007fff5953e000 	/usr/lib/liblangid.dylib
0x00007fff4d4fb000 	/System/Library/PrivateFrameworks/MultitouchSupport.framework/Versions/A/MultitouchSupport
0x00007fff30701000 	/System/Library/Frameworks/IOKit.framework/Versions/A/IOKit
0x00007fff57fc6000 	/usr/lib/libDiagnosticMessagesClient.dylib
0x00007fff2ef44000 	/System/Library/Frameworks/CoreServices.framework/Versions/A/CoreServices
0x00007fff4f230000 	/System/Library/PrivateFrameworks/PerformanceAnalysis.framework/Versions/A/PerformanceAnalysis
0x00007fff37e09000 	/System/Library/Frameworks/OpenGL.framework/Versions/A/OpenGL
0x00007fff2d472000 	/System/Library/Frameworks/ColorSync.framework/Versions/A/ColorSync
0x00007fff2e765000 	/System/Library/Frameworks/CoreImage.framework/Versions/A/CoreImage
0x00007fff2f987000 	/System/Library/Frameworks/CoreText.framework/Versions/A/CoreText
0x00007fff307f6000 	/System/Library/Frameworks/ImageIO.framework/Versions/A/ImageIO
0x00007fff3f2ef000 	/System/Library/PrivateFrameworks/Backup.framework/Versions/A/Backup
0x00007fff5842e000 	/usr/lib/libarchive.2.dylib
0x00007fff2cb73000 	/System/Library/Frameworks/CFNetwork.framework/Versions/A/CFNetwork
0x00007fff39ecc000 	/System/Library/Frameworks/SystemConfiguration.framework/Versions/A/SystemConfiguration
0x00007fff57eef000 	/usr/lib/libCRFSuite.dylib
0x00007fff585d2000 	/usr/lib/libc++.1.dylib
0x00007fff5862a000 	/usr/lib/libc++abi.dylib
0x00007fff5ad85000 	/usr/lib/system/libcache.dylib
0x00007fff5ad8a000 	/usr/lib/system/libcommonCrypto.dylib
0x00007fff5ad95000 	/usr/lib/system/libcompiler_rt.dylib
0x00007fff5ad9d000 	/usr/lib/system/libcopyfile.dylib
0x00007fff5ada7000 	/usr/lib/system/libcorecrypto.dylib
0x00007fff5aeb2000 	/usr/lib/system/libdispatch.dylib
0x00007fff5aeed000 	/usr/lib/system/libdyld.dylib
0x00007fff5af1d000 	/usr/lib/system/libkeymgr.dylib
0x00007fff5af2b000 	/usr/lib/system/liblaunch.dylib
0x00007fff5af2c000 	/usr/lib/system/libmacho.dylib
0x00007fff5af32000 	/usr/lib/system/libquarantine.dylib
0x00007fff5af35000 	/usr/lib/system/libremovefile.dylib
0x00007fff5af37000 	/usr/lib/system/libsystem_asl.dylib
0x00007fff5af4f000 	/usr/lib/system/libsystem_blocks.dylib
0x00007fff5af50000 	/usr/lib/system/libsystem_c.dylib
0x00007fff5afd9000 	/usr/lib/system/libsystem_configuration.dylib
0x00007fff5afdd000 	/usr/lib/system/libsystem_coreservices.dylib
0x00007fff5afe1000 	/usr/lib/system/libsystem_darwin.dylib
0x00007fff5afe8000 	/usr/lib/system/libsystem_dnssd.dylib
0x00007fff5afef000 	/usr/lib/system/libsystem_info.dylib
0x00007fff5b065000 	/usr/lib/system/libsystem_m.dylib
0x00007fff5b0b1000 	/usr/lib/system/libsystem_malloc.dylib
0x00007fff5b0d6000 	/usr/lib/system/libsystem_networkextension.dylib
0x00007fff5b0e2000 	/usr/lib/system/libsystem_notify.dylib
0x00007fff5b0ff000 	/usr/lib/system/libsystem_sandbox.dylib
0x00007fff5b103000 	/usr/lib/system/libsystem_secinit.dylib
0x00007fff5b03c000 	/usr/lib/system/libsystem_kernel.dylib
0x00007fff5b0ea000 	/usr/lib/system/libsystem_platform.dylib
0x00007fff5b0f4000 	/usr/lib/system/libsystem_pthread.dylib
0x00007fff5b106000 	/usr/lib/system/libsystem_symptoms.dylib
0x00007fff5b10e000 	/usr/lib/system/libsystem_trace.dylib
0x00007fff5b125000 	/usr/lib/system/libunwind.dylib
0x00007fff5b12b000 	/usr/lib/system/libxpc.dylib
0x00007fff585b2000 	/usr/lib/libbsm.0.dylib
0x00007fff5af1e000 	/usr/lib/system/libkxld.dylib
0x00007fff3e59c000 	/System/Library/PrivateFrameworks/AppleFSCompression.framework/Versions/A/AppleFSCompression
0x00007fff58237000 	/usr/lib/libOpenScriptingUtil.dylib
0x00007fff58915000 	/usr/lib/libcoretls.dylib
0x00007fff5892c000 	/usr/lib/libcoretls_cfhelpers.dylib
0x00007fff5a5b8000 	/usr/lib/libpam.2.dylib
0x00007fff5a77b000 	/usr/lib/libsqlite3.dylib
0x00007fff5abe3000 	/usr/lib/libxar.1.dylib
0x00007fff585c3000 	/usr/lib/libbz2.1.0.dylib
0x00007fff59540000 	/usr/lib/liblzma.5.dylib
0x00007fff59a36000 	/usr/lib/libnetwork.dylib
0x00007fff58417000 	/usr/lib/libapple_nghttp2.dylib
0x00007fff5a5bf000 	/usr/lib/libpcap.A.dylib
0x00007fff2f2e8000 	/System/Library/Frameworks/CoreServices.framework/Versions/A/Frameworks/FSEvents.framework/Versions/A/FSEvents
0x00007fff2efc4000 	/System/Library/Frameworks/CoreServices.framework/Versions/A/Frameworks/CarbonCore.framework/Versions/A/CarbonCore
0x00007fff2f4bd000 	/System/Library/Frameworks/CoreServices.framework/Versions/A/Frameworks/Metadata.framework/Versions/A/Metadata
0x00007fff2f560000 	/System/Library/Frameworks/CoreServices.framework/Versions/A/Frameworks/OSServices.framework/Versions/A/OSServices
0x00007fff2f5ac000 	/System/Library/Frameworks/CoreServices.framework/Versions/A/Frameworks/SearchKit.framework/Versions/A/SearchKit
0x00007fff2ef45000 	/System/Library/Frameworks/CoreServices.framework/Versions/A/Frameworks/AE.framework/Versions/A/AE
0x00007fff2f2f1000 	/System/Library/Frameworks/CoreServices.framework/Versions/A/Frameworks/LaunchServices.framework/Versions/A/LaunchServices
0x00007fff2f29d000 	/System/Library/Frameworks/CoreServices.framework/Versions/A/Frameworks/DictionaryServices.framework/Versions/A/DictionaryServices
0x00007fff2f61b000 	/System/Library/Frameworks/CoreServices.framework/Versions/A/Frameworks/SharedFileList.framework/Versions/A/SharedFileList
0x00007fff33d9a000 	/System/Library/Frameworks/NetFS.framework/Versions/A/NetFS
0x00007fff4d798000 	/System/Library/PrivateFrameworks/NetAuth.framework/Versions/A/NetAuth
0x00007fff57c32000 	/System/Library/PrivateFrameworks/login.framework/Versions/A/Frameworks/loginsupport.framework/Versions/A/loginsupport
0x00007fff55c3e000 	/System/Library/PrivateFrameworks/TCC.framework/Versions/A/TCC
0x00007fff422ba000 	/System/Library/PrivateFrameworks/CoreNLP.framework/Versions/A/CoreNLP
0x00007fff4d1ec000 	/System/Library/PrivateFrameworks/MetadataUtilities.framework/Versions/A/MetadataUtilities
0x00007fff59621000 	/usr/lib/libmecabra.dylib
0x00007fff2c06c000 	/System/Library/Frameworks/ApplicationServices.framework/Versions/A/Frameworks/ATS.framework/Versions/A/ATS
0x00007fff2c3d7000 	/System/Library/Frameworks/ApplicationServices.framework/Versions/A/Frameworks/ColorSyncLegacy.framework/Versions/A/ColorSyncLegacy
0x00007fff2c478000 	/System/Library/Frameworks/ApplicationServices.framework/Versions/A/Frameworks/HIServices.framework/Versions/A/HIServices
0x00007fff2c4cb000 	/System/Library/Frameworks/ApplicationServices.framework/Versions/A/Frameworks/LangAnalysis.framework/Versions/A/LangAnalysis
0x00007fff2c4da000 	/System/Library/Frameworks/ApplicationServices.framework/Versions/A/Frameworks/PrintCore.framework/Versions/A/PrintCore
0x00007fff2c527000 	/System/Library/Frameworks/ApplicationServices.framework/Versions/A/Frameworks/QD.framework/Versions/A/QD
0x00007fff2c563000 	/System/Library/Frameworks/ApplicationServices.framework/Versions/A/Frameworks/SpeechSynthesis.framework/Versions/A/SpeechSynthesis
0x00007fff58652000 	/usr/lib/libcompression.dylib
0x00007fff2db9d000 	/System/Library/Frameworks/CoreDisplay.framework/Versions/A/CoreDisplay
0x00007fff32b9d000 	/System/Library/Frameworks/MetalPerformanceShaders.framework/Versions/A/MetalPerformanceShaders
0x00007fff29fcb000 	/System/Library/Frameworks/Accelerate.framework/Versions/A/Frameworks/vImage.framework/Versions/A/vImage
0x00007fff2b047000 	/System/Library/Frameworks/Accelerate.framework/Versions/A/Frameworks/vecLib.framework/Versions/A/vecLib
0x00007fff2af91000 	/System/Library/Frameworks/Accelerate.framework/Versions/A/Frameworks/vecLib.framework/Versions/A/libvMisc.dylib
0x00007fff2adac000 	/System/Library/Frameworks/Accelerate.framework/Versions/A/Frameworks/vecLib.framework/Versions/A/libvDSP.dylib
0x00007fff2a66c000 	/System/Library/Frameworks/Accelerate.framework/Versions/A/Frameworks/vecLib.framework/Versions/A/libBLAS.dylib
0x00007fff2a957000 	/System/Library/Frameworks/Accelerate.framework/Versions/A/Frameworks/vecLib.framework/Versions/A/libLAPACK.dylib
0x00007fff2acfe000 	/System/Library/Frameworks/Accelerate.framework/Versions/A/Frameworks/vecLib.framework/Versions/A/libLinearAlgebra.dylib
0x00007fff2ad98000 	/System/Library/Frameworks/Accelerate.framework/Versions/A/Frameworks/vecLib.framework/Versions/A/libSparseBLAS.dylib
0x00007fff2ad14000 	/System/Library/Frameworks/Accelerate.framework/Versions/A/Frameworks/vecLib.framework/Versions/A/libQuadrature.dylib
0x00007fff2a8e4000 	/System/Library/Frameworks/Accelerate.framework/Versions/A/Frameworks/vecLib.framework/Versions/A/libBNNS.dylib
0x00007fff2ad1a000 	/System/Library/Frameworks/Accelerate.framework/Versions/A/Frameworks/vecLib.framework/Versions/A/libSparse.dylib
0x00007fff497df000 	/System/Library/PrivateFrameworks/GPUWrangler.framework/Versions/A/GPUWrangler
0x00007fff4bc13000 	/System/Library/PrivateFrameworks/IOAccelerator.framework/Versions/A/IOAccelerator
0x00007fff4bc1e000 	/System/Library/PrivateFrameworks/IOPresentment.framework/Versions/A/IOPresentment
0x00007fff430c1000 	/System/Library/PrivateFrameworks/DSExternalDisplay.framework/Versions/A/DSExternalDisplay
0x00007fff3724e000 	/System/Library/Frameworks/OpenGL.framework/Versions/A/Libraries/libCoreFSCache.dylib
0x00007fff32985000 	/System/Library/Frameworks/MetalPerformanceShaders.framework/Frameworks/MPSCore.framework/Versions/A/MPSCore
0x00007fff329a6000 	/System/Library/Frameworks/MetalPerformanceShaders.framework/Frameworks/MPSImage.framework/Versions/A/MPSImage
0x00007fff32a4e000 	/System/Library/Frameworks/MetalPerformanceShaders.framework/Frameworks/MPSNeuralNetwork.framework/Versions/A/MPSNeuralNetwork
0x00007fff32a25000 	/System/Library/Frameworks/MetalPerformanceShaders.framework/Frameworks/MPSMatrix.framework/Versions/A/MPSMatrix
0x00007fff32b81000 	/System/Library/Frameworks/MetalPerformanceShaders.framework/Frameworks/MPSRayIntersector.framework/Versions/A/MPSRayIntersector
0x00007fff4d215000 	/System/Library/PrivateFrameworks/MetalTools.framework/Versions/A/MetalTools
0x00007fff3dc96000 	/System/Library/PrivateFrameworks/AggregateDictionary.framework/Versions/A/AggregateDictionary
0x00007fff58217000 	/usr/lib/libMobileGestalt.dylib
0x00007fff2faed000 	/System/Library/Frameworks/CoreVideo.framework/Versions/A/CoreVideo
0x00007fff4a64e000 	/System/Library/PrivateFrameworks/GraphVisualizer.framework/Versions/A/GraphVisualizer
0x00007fff443ea000 	/System/Library/PrivateFrameworks/FaceCore.framework/Versions/A/FaceCore
0x00007fff36866000 	/System/Library/Frameworks/OpenCL.framework/Versions/A/OpenCL
0x00007fff57ffe000 	/usr/lib/libFosl_dynamic.dylib
0x00007fff4e06f000 	/System/Library/PrivateFrameworks/OTSVG.framework/Versions/A/OTSVG
0x00007fff2c170000 	/System/Library/Frameworks/ApplicationServices.framework/Versions/A/Frameworks/ATS.framework/Versions/A/Resources/libFontParser.dylib
0x00007fff2c290000 	/System/Library/Frameworks/ApplicationServices.framework/Versions/A/Frameworks/ATS.framework/Versions/A/Resources/libFontRegistry.dylib
0x00007fff30a80000 	/System/Library/Frameworks/ImageIO.framework/Versions/A/Resources/libJPEG.dylib
0x00007fff30da2000 	/System/Library/Frameworks/ImageIO.framework/Versions/A/Resources/libTIFF.dylib
0x00007fff30d78000 	/System/Library/Frameworks/ImageIO.framework/Versions/A/Resources/libPng.dylib
0x00007fff30995000 	/System/Library/Frameworks/ImageIO.framework/Versions/A/Resources/libGIF.dylib
0x00007fff3099a000 	/System/Library/Frameworks/ImageIO.framework/Versions/A/Resources/libJP2.dylib
0x00007fff30d9f000 	/System/Library/Frameworks/ImageIO.framework/Versions/A/Resources/libRadiance.dylib
0x00007fff3e6f5000 	/System/Library/PrivateFrameworks/AppleJPEG.framework/Versions/A/AppleJPEG
0x00007fff37259000 	/System/Library/Frameworks/OpenGL.framework/Versions/A/Libraries/libGFXShared.dylib
0x00007fff3741c000 	/System/Library/Frameworks/OpenGL.framework/Versions/A/Libraries/libGLU.dylib
0x00007fff37262000 	/System/Library/Frameworks/OpenGL.framework/Versions/A/Libraries/libGL.dylib
0x00007fff3726e000 	/System/Library/Frameworks/OpenGL.framework/Versions/A/Libraries/libGLImage.dylib
0x00007fff3724b000 	/System/Library/Frameworks/OpenGL.framework/Versions/A/Libraries/libCVMSPluginSupport.dylib
0x00007fff37254000 	/System/Library/Frameworks/OpenGL.framework/Versions/A/Libraries/libCoreVMClient.dylib
0x00007fff58fa4000 	/usr/lib/libcups.2.dylib
0x00007fff31e9a000 	/System/Library/Frameworks/Kerberos.framework/Versions/A/Kerberos
0x00007fff3044b000 	/System/Library/Frameworks/GSS.framework/Versions/A/GSS
0x00007fff5a70f000 	/usr/lib/libresolv.9.dylib
0x00007fff5919c000 	/usr/lib/libiconv.2.dylib
0x00007fff4a7ae000 	/System/Library/PrivateFrameworks/Heimdal.framework/Versions/A/Heimdal
0x00007fff5916b000 	/usr/lib/libheimdal-asn1.dylib
0x00007fff368dc000 	/System/Library/Frameworks/OpenDirectory.framework/Versions/A/OpenDirectory
0x00007fff40fb7000 	/System/Library/PrivateFrameworks/CommonAuth.framework/Versions/A/CommonAuth
0x00007fff368bf000 	/System/Library/Frameworks/OpenDirectory.framework/Versions/A/Frameworks/CFOpenDirectory.framework/Versions/A/CFOpenDirectory
0x00007fff39a4a000 	/System/Library/Frameworks/SecurityFoundation.framework/Versions/A/SecurityFoundation
0x00007fff3d1a7000 	/System/Library/PrivateFrameworks/APFS.framework/Versions/A/APFS
0x00007fff5abdf000 	/usr/lib/libutil.dylib
0x00007fff58640000 	/usr/lib/libcharset.1.dylib
0x00007fff3e991000 	/System/Library/PrivateFrameworks/AppleSauce.framework/Versions/A/AppleSauce
0x00007fff3eb1f000 	/System/Library/PrivateFrameworks/AssertionServices.framework/Versions/A/AssertionServices
0x00007fff3f392000 	/System/Library/PrivateFrameworks/BaseBoard.framework/Versions/A/BaseBoard
0x00007fff59570000 	/usr/lib/libmecab.1.0.0.dylib
0x00007fff59165000 	/usr/lib/libgermantok.dylib
0x00007fff58403000 	/usr/lib/libThaiTokenizer.dylib
0x00007fff57f2a000 	/usr/lib/libChineseTokenizer.dylib
0x00007fff4c349000 	/System/Library/PrivateFrameworks/LanguageModeling.framework/Versions/A/LanguageModeling
0x00007fff41cd0000 	/System/Library/PrivateFrameworks/CoreEmoji.framework/Versions/A/CoreEmoji
0x00007fff4c441000 	/System/Library/PrivateFrameworks/Lexicon.framework/Versions/A/Lexicon
0x00007fff4c489000 	/System/Library/PrivateFrameworks/LinguisticData.framework/Versions/A/LinguisticData
0x00007fff58641000 	/usr/lib/libcmph.dylib
0x00007fff39b0b000 	/System/Library/Frameworks/ServiceManagement.framework/Versions/A/ServiceManagement
0x00007fff3f2e5000 	/System/Library/PrivateFrameworks/BackgroundTaskManagement.framework/Versions/A/BackgroundTaskManagement
0x00007fff5acd9000 	/usr/lib/libxslt.1.dylib
0x00007fff2d260000 	/System/Library/Frameworks/Carbon.framework/Versions/A/Frameworks/Ink.framework/Versions/A/Ink
0x00007fff55ebe000 	/System/Library/PrivateFrameworks/TextureIO.framework/Versions/A/TextureIO
0x00007fff58458000 	/usr/lib/libate.dylib
0x00007fff4301d000 	/System/Library/PrivateFrameworks/CrashReporterSupport.framework/Versions/A/CrashReporterSupport
0x00007fff52edf000 	/System/Library/PrivateFrameworks/Sharing.framework/Versions/A/Sharing
0x00007fff3ee71000 	/System/Library/PrivateFrameworks/AuthKit.framework/Versions/A/AuthKit
0x00007fff3e294000 	/System/Library/PrivateFrameworks/Apple80211.framework/Versions/A/Apple80211
0x00007fff42ddd000 	/System/Library/PrivateFrameworks/CoreUtils.framework/Versions/A/CoreUtils
0x00007fff2fb2b000 	/System/Library/Frameworks/CoreWLAN.framework/Versions/A/CoreWLAN
0x00007fff30595000 	/System/Library/Frameworks/IOBluetooth.framework/Versions/A/IOBluetooth
0x00007fff511fe000 	/System/Library/PrivateFrameworks/ProtocolBuffer.framework/Versions/A/ProtocolBuffer
0x00007fff4d452000 	/System/Library/PrivateFrameworks/MobileKeyBag.framework/Versions/A/MobileKeyBag
0x00007fff425f5000 	/System/Library/PrivateFrameworks/CorePhoneNumbers.framework/Versions/A/CorePhoneNumbers
0x00007fff3e6a9000 	/System/Library/PrivateFrameworks/AppleIDAuthSupport.framework/Versions/A/AppleIDAuthSupport
0x00007fff4c31b000 	/System/Library/PrivateFrameworks/KeychainCircle.framework/Versions/A/KeychainCircle
0x00007fff513cb000 	/System/Library/PrivateFrameworks/ROCKit.framework/Versions/A/ROCKit
0x00007fff42fb9000 	/System/Library/PrivateFrameworks/CoreWiFi.framework/Versions/A/CoreWiFi
0x00007fff2d7cf000 	/System/Library/Frameworks/CoreBluetooth.framework/Versions/A/CoreBluetooth
0x00007fff4320d000 	/System/Library/PrivateFrameworks/DebugSymbols.framework/Versions/A/DebugSymbols
0x00007fff42b92000 	/System/Library/PrivateFrameworks/CoreSymbolication.framework/Versions/A/CoreSymbolication
0x00007fff556a8000 	/System/Library/PrivateFrameworks/Symbolication.framework/Versions/A/Symbolication
0x00007fff5483a000 	/System/Library/PrivateFrameworks/SpeechRecognitionCore.framework/Versions/A/SpeechRecognitionCore
0x000000010f800000 	/Library/Java/JavaVirtualMachines/jdk1.8.0_201.jdk/Contents/Home/jre/lib/server/libjvm.dylib
0x00007fff5aaa3000 	/usr/lib/libstdc++.6.dylib
0x000000010ee90000 	/Library/Java/JavaVirtualMachines/jdk1.8.0_201.jdk/Contents/Home/jre/lib/libverify.dylib
0x000000010ee9e000 	/Library/Java/JavaVirtualMachines/jdk1.8.0_201.jdk/Contents/Home/jre/lib/libjava.dylib
0x000000010ef1e000 	/Library/Java/JavaVirtualMachines/jdk1.8.0_201.jdk/Contents/Home/jre/lib/libzip.dylib
0x000000011682e000 	/Library/Java/JavaVirtualMachines/jdk1.8.0_201.jdk/Contents/Home/jre/lib/libprism_es2.dylib
0x00007fff4278c000 	/System/Library/PrivateFrameworks/CoreServicesInternal.framework/Versions/A/CoreServicesInternal
0x00007fff37e19000 	/System/Library/Frameworks/OpenGL.framework/Versions/A/Resources/GLEngine.bundle/GLEngine
0x00007fff372a9000 	/System/Library/Frameworks/OpenGL.framework/Versions/A/Libraries/libGLProgrammability.dylib
0x00007fff26482000 	/System/Library/Extensions/AppleIntelKBLGraphicsGLDriver.bundle/Contents/MacOS/AppleIntelKBLGraphicsGLDriver
0x00007fff497d3000 	/System/Library/PrivateFrameworks/GPUSupport.framework/Versions/A/Libraries/libGPUSupportMercury.dylib
0x00007fff37fb0000 	/System/Library/Frameworks/OpenGL.framework/Versions/A/Resources/GLRendererFloat.bundle/GLRendererFloat
0x00007fff3685d000 	/System/Library/Frameworks/OpenCL.framework/Versions/A/Libraries/libcldcpuengine.dylib
0x00007fff58acc000 	/usr/lib/libcrypto.35.dylib
0x00007fff5603f000 	/System/Library/PrivateFrameworks/TrustEvaluationAgent.framework/Versions/A/TrustEvaluationAgent
0x0000000126a10000 	/Library/Java/JavaVirtualMachines/jdk1.8.0_201.jdk/Contents/Home/jre/lib/libglass.dylib
0x00007fff23b1e000 	/System/Library/CoreServices/RawCamera.bundle/Contents/MacOS/RawCamera
0x00007fff4d2bc000 	/System/Library/PrivateFrameworks/MobileAsset.framework/Versions/A/MobileAsset
0x00007fff54f2c000 	/System/Library/PrivateFrameworks/StreamingZip.framework/Versions/A/StreamingZip
0x00007fff32235000 	/System/Library/Frameworks/MediaToolbox.framework/Versions/A/MediaToolbox
0x00007fff41856000 	/System/Library/PrivateFrameworks/CoreAVCHD.framework/Versions/A/CoreAVCHD
0x00007fff32171000 	/System/Library/Frameworks/MediaAccessibility.framework/Versions/A/MediaAccessibility
0x00007fff4ccee000 	/System/Library/PrivateFrameworks/Mangrove.framework/Versions/A/Mangrove
0x00007fff2eddf000 	/System/Library/Frameworks/CoreMedia.framework/Versions/A/CoreMedia
0x00007fff3a19d000 	/System/Library/Frameworks/VideoToolbox.framework/Versions/A/VideoToolbox
0x00007fff4147e000 	/System/Library/PrivateFrameworks/CoreAUC.framework/Versions/A/CoreAUC
0x00007fff5a779000 	/usr/lib/libspindump.dylib
0x00007fff3ea84000 	/System/Library/PrivateFrameworks/AppleVA.framework/Versions/A/AppleVA
0x00007fff29fb4000 	/System/Library/Frameworks/Accelerate.framework/Versions/A/Frameworks/vImage.framework/Versions/A/Libraries/libCGInterfaces.dylib
0x00007fff4481c000 	/System/Library/PrivateFrameworks/FamilyControls.framework/Versions/A/FamilyControls
0x00007fff40faa000 	/System/Library/PrivateFrameworks/CommerceKit.framework/Versions/A/Frameworks/CommerceCore.framework/Versions/A/CommerceCore
0x00007fff55991000 	/System/Library/PrivateFrameworks/SystemAdministration.framework/Versions/A/SystemAdministration
0x00007fff3e18e000 	/System/Library/PrivateFrameworks/AppContainer.framework/Versions/A/AppContainer
0x00007fff3e1ab000 	/System/Library/PrivateFrameworks/AppSandbox.framework/Versions/A/AppSandbox
0x00007fff52d77000 	/System/Library/PrivateFrameworks/SecCodeWrapper.framework/Versions/A/SecCodeWrapper
0x00007fff5a729000 	/usr/lib/libsandbox.1.dylib
0x00007fff581e2000 	/usr/lib/libMatch.1.dylib
0x00007fff435ad000 	/System/Library/PrivateFrameworks/DiskManagement.framework/Versions/A/DiskManagement
0x00007fff2fd51000 	/System/Library/Frameworks/DirectoryService.framework/Versions/A/DirectoryService
0x00007fff434da000 	/System/Library/PrivateFrameworks/DiskImages.framework/Versions/A/DiskImages
0x00007fff4c588000 	/System/Library/PrivateFrameworks/LoginUIKit.framework/Versions/A/Frameworks/LoginUICore.framework/Versions/A/LoginUICore
0x00007fff57f36000 	/usr/lib/libCoreStorage.dylib
0x00007fff58f90000 	/usr/lib/libcsfde.dylib
0x00007fff5a5a6000 	/usr/lib/libodfde.dylib
0x00007fff4ce0f000 	/System/Library/PrivateFrameworks/MediaKit.framework/Versions/A/MediaKit
0x00007fff2fd5d000 	/System/Library/Frameworks/DiscRecording.framework/Versions/A/DiscRecording
0x00007fff4371a000 	/System/Library/PrivateFrameworks/EFILogin.framework/Versions/A/EFILogin
0x00007fff511a6000 	/System/Library/PrivateFrameworks/ProtectedCloudStorage.framework/Versions/A/ProtectedCloudStorage
0x00007fff59025000 	/usr/lib/libcurl.4.dylib
0x00007fff58df7000 	/usr/lib/libcrypto.42.dylib
0x00007fff5aa55000 	/usr/lib/libssl.44.dylib
0x00007fff31eb4000 	/System/Library/Frameworks/LDAP.framework/Versions/A/LDAP
0x00007fff5a766000 	/usr/lib/libsasl2.2.dylib
0x00007fff41ab5000 	/System/Library/PrivateFrameworks/CoreDaemon.framework/Versions/B/CoreDaemon
0x00007fff3e98c000 	/System/Library/PrivateFrameworks/AppleSRP.framework/Versions/A/AppleSRP
0x00007fff56eef000 	/System/Library/PrivateFrameworks/ViewBridge.framework/Versions/A/ViewBridge
0x000000012a6a9000 	/Library/Java/JavaVirtualMachines/jdk1.8.0_201.jdk/Contents/Home/jre/lib/libawt.dylib
0x000000012a752000 	/Library/Java/JavaVirtualMachines/jdk1.8.0_201.jdk/Contents/Home/jre/lib/./libmlib_image.dylib
0x00007fff31e83000 	/System/Library/Frameworks/JavaVM.framework/Versions/A/Frameworks/JavaNativeFoundation.framework/Versions/A/JavaNativeFoundation
0x00007fff31e8c000 	/System/Library/Frameworks/JavaVM.framework/Versions/A/Frameworks/JavaRuntimeSupport.framework/Versions/A/JavaRuntimeSupport
0x00007fff31e95000 	/System/Library/Frameworks/JavaVM.framework/Versions/A/JavaVM
0x00007fff4c232000 	/System/Library/PrivateFrameworks/JavaLaunching.framework/Versions/A/JavaLaunching
0x00007fff2cf49000 	/System/Library/Frameworks/Carbon.framework/Versions/A/Carbon
0x00007fff2cf4a000 	/System/Library/Frameworks/Carbon.framework/Versions/A/Frameworks/CommonPanels.framework/Versions/A/CommonPanels
0x00007fff2d256000 	/System/Library/Frameworks/Carbon.framework/Versions/A/Frameworks/Help.framework/Versions/A/Help
0x00007fff2d25a000 	/System/Library/Frameworks/Carbon.framework/Versions/A/Frameworks/ImageCapture.framework/Versions/A/ImageCapture
0x00007fff2d2f5000 	/System/Library/Frameworks/Carbon.framework/Versions/A/Frameworks/OpenScripting.framework/Versions/A/OpenScripting
0x00007fff2d330000 	/System/Library/Frameworks/Carbon.framework/Versions/A/Frameworks/Print.framework/Versions/A/Print
0x00007fff2d332000 	/System/Library/Frameworks/Carbon.framework/Versions/A/Frameworks/SecurityHI.framework/Versions/A/SecurityHI
0x000000012a81e000 	/Library/Java/JavaVirtualMachines/jdk1.8.0_201.jdk/Contents/Home/jre/lib/libawt_lwawt.dylib
0x000000012a8d8000 	/Library/Java/JavaVirtualMachines/jdk1.8.0_201.jdk/Contents/Home/jre/lib/./libosxapp.dylib
0x00007fff2ffe4000 	/System/Library/Frameworks/ExceptionHandling.framework/Versions/A/ExceptionHandling
0x00007fff2c33a000 	/System/Library/Frameworks/ApplicationServices.framework/Versions/A/Frameworks/ATS.framework/Versions/A/Resources/libTrueTypeScaler.dylib
0x00007fff27263000 	/System/Library/Extensions/AppleIntelKBLGraphicsMTLDriver.bundle/Contents/MacOS/AppleIntelKBLGraphicsMTLDriver
0x00007fff48134000 	/System/Library/PrivateFrameworks/GPUCompiler.framework/Versions/3902/Libraries/libmetal_timestamp.dylib
0x000000012c53c000 	/Library/Java/JavaVirtualMachines/jdk1.8.0_201.jdk/Contents/Home/jre/lib/libfontmanager.dylib
0x000000012c5a3000 	/Library/Java/JavaVirtualMachines/jdk1.8.0_201.jdk/Contents/Home/jre/lib/libosxui.dylib
0x000000012d1c8000 	/usr/lib/libobjc-trampolines.dylib
0x00000001296e8000 	/Library/Java/JavaVirtualMachines/jdk1.8.0_201.jdk/Contents/Home/jre/lib/libjavafx_font.dylib
0x000000012ee09000 	/Library/Java/JavaVirtualMachines/jdk1.8.0_201.jdk/Contents/Home/jre/lib/libprism_common.dylib

VM Arguments:
jvm_args: -Dfile.encoding=UTF-8 
java_command: /Users/rynnoceros/Documents/Developpement/JavaProjects/MyPenelope/dist/run1884507586/MyPenelope.jar
java_class_path (initial): /Users/rynnoceros/Documents/Developpement/JavaProjects/MyPenelope/dist/run1884507586/MyPenelope.jar
Launcher Type: SUN_STANDARD

Environment Variables:
JAVA_HOME=/Library/Java/JavaVirtualMachines/jdk1.8.0_201.jdk/Contents/Home
PATH=/usr/local/bin:/usr/bin:/bin:/usr/sbin:/sbin:/usr/local/share/dotnet:~/.dotnet/tools:/Library/Frameworks/Mono.framework/Versions/Current/Commands:/Applications/Xamarin Workbooks.app/Contents/SharedSupport/path-bin:/Library/Frameworks/SDL2.framework/Headers
SHELL=/bin/bash

Signal Handlers:
SIGSEGV: [libjvm.dylib+0x5b723d], sa_mask[0]=11111111011111110111111111111111, sa_flags=SA_ONSTACK|SA_RESTART|SA_SIGINFO
SIGBUS: [libjvm.dylib+0x5b723d], sa_mask[0]=11111111011111110111111111111111, sa_flags=SA_RESTART|SA_SIGINFO
SIGFPE: [libjvm.dylib+0x48c9bc], sa_mask[0]=11111111011111110111111111111111, sa_flags=SA_RESTART|SA_SIGINFO
SIGPIPE: [libjvm.dylib+0x48c9bc], sa_mask[0]=11111111011111110111111111111111, sa_flags=SA_RESTART|SA_SIGINFO
SIGXFSZ: [libjvm.dylib+0x48c9bc], sa_mask[0]=11111111011111110111111111111111, sa_flags=SA_RESTART|SA_SIGINFO
SIGILL: [libjvm.dylib+0x48c9bc], sa_mask[0]=11111111011111110111111111111111, sa_flags=SA_RESTART|SA_SIGINFO
SIGUSR1: SIG_DFL, sa_mask[0]=11011111011111100000000111000110, sa_flags=none
SIGUSR2: [libjvm.dylib+0x48c4da], sa_mask[0]=00100000000000000000000000000000, sa_flags=SA_RESTART|SA_SIGINFO
SIGHUP: [libjvm.dylib+0x48aa65], sa_mask[0]=11111111011111110111111111111111, sa_flags=SA_RESTART|SA_SIGINFO
SIGINT: SIG_IGN, sa_mask[0]=00000000000000000000000000000000, sa_flags=none
SIGTERM: [libjvm.dylib+0x48aa65], sa_mask[0]=11111111011111110111111111111111, sa_flags=SA_RESTART|SA_SIGINFO
SIGQUIT: [libjvm.dylib+0x48aa65], sa_mask[0]=11111111011111110111111111111111, sa_flags=SA_RESTART|SA_SIGINFO


---------------  S Y S T E M  ---------------

OS:Bsduname:Darwin 18.2.0 Darwin Kernel Version 18.2.0: Mon Nov 12 20:24:46 PST 2018; root:xnu-4903.231.4~2/RELEASE_X86_64 x86_64
rlimit: STACK 8192k, CORE 0k, NPROC 709, NOFILE 10240, AS infinity
load average:2,40 2,41 2,31

CPU:total 4 (initial active 4) (2 cores per cpu, 2 threads per core) family 6 model 142 stepping 9, cmov, cx8, fxsr, mmx, sse, sse2, sse3, ssse3, sse4.1, sse4.2, popcnt, avx, avx2, aes, clmul, erms, rtm, 3dnowpref, lzcnt, ht, tsc, tscinvbit, bmi1, bmi2, adx

Memory: 4k page, physical 8388608k(78288k free)

/proc/meminfo:


vm_info: Java HotSpot(TM) 64-Bit Server VM (25.201-b09) for bsd-amd64 JRE (1.8.0_201-b09), built on Dec 15 2018 18:35:23 by "java_re" with gcc 4.2.1 (Based on Apple Inc. build 5658) (LLVM build 2336.11.00)

time: Fri Feb 15 18:25:27 2019
timezone: CET
elapsed time: 10 seconds (0d 0h 0m 10s)

